<?xml version="1.0" encoding="UTF-8"?>
<!-- Generated by org.testng.reporters.JUnitXMLReporter -->
<testsuite ignored="4" hostname="DESKTOP-T7IHCJ8" failures="1" tests="2" name="TestChrome" time="29.965" errors="0" timestamp="2025-06-17T21:43:15 IST">
  <testcase classname="tests.SignupTest" name="singupToApplication" time="7.461">
    <failure type="java.lang.AssertionError" message="expected [123Test@gmail.com] but found [1233Test@gmail.com]">
      <![CDATA[java.lang.AssertionError: expected [123Test@gmail.com] but found [1233Test@gmail.com]
at tests.SignupTest.singupToApplication(SignupTest.java:38)
at java.base/java.util.ArrayList.forEach(ArrayList.java:1541)
... Removed 33 stack frames]]>
    </failure>
  </testcase> <!-- singupToApplication -->
  <testcase classname="tests.SignupTest" name="systemTest" time="0.009"/>
  <testcase classname="tests.SignupTest" name="regressionTest2" time="0.0">
    <ignored/>
  </testcase> <!-- regressionTest2 -->
  <testcase classname="tests.SignupTest" name="regressionTest1" time="0.0">
    <ignored/>
  </testcase> <!-- regressionTest1 -->
  <testcase classname="tests.SignupTest" name="smokeTest" time="0.0">
    <ignored/>
  </testcase> <!-- smokeTest -->
  <testcase classname="tests.SignupTest" name="systemSmokeTest" time="0.0">
    <ignored/>
  </testcase> <!-- systemSmokeTest -->
</testsuite> <!-- TestChrome -->
